c:\users\potri\onedrive\바탕 화면\project\imbo_server\x64\debug\server.pch
c:\users\potri\onedrive\바탕 화면\project\imbo_server\x64\debug\vc141.pdb
c:\users\potri\onedrive\바탕 화면\project\imbo_server\x64\debug\stdafx.obj
c:\users\potri\onedrive\바탕 화면\project\imbo_server\x64\debug\timer.obj
c:\users\potri\onedrive\바탕 화면\project\imbo_server\x64\debug\serveriocp.obj
c:\users\potri\onedrive\바탕 화면\project\imbo_server\x64\debug\server.obj
c:\users\potri\onedrive\바탕 화면\project\imbo_server\x64\debug\roommanager.obj
c:\users\potri\onedrive\바탕 화면\project\imbo_server\x64\debug\room.obj
c:\users\potri\onedrive\바탕 화면\project\imbo_server\x64\debug\procprotocol.obj
c:\users\potri\onedrive\바탕 화면\project\imbo_server\x64\debug\objectmanager.obj
c:\users\potri\onedrive\바탕 화면\project\imbo_server\x64\debug\object.obj
c:\users\potri\onedrive\바탕 화면\project\imbo_server\x64\debug\database.obj
c:\users\potri\onedrive\바탕 화면\project\imbo_server\x64\debug\connectedsessionmanager.obj
c:\users\potri\onedrive\바탕 화면\project\imbo_server\x64\debug\connectedsession.obj
c:\users\potri\onedrive\바탕 화면\project\imbo_server\x64\debug\componenet.obj
c:\users\potri\onedrive\바탕 화면\project\imbo_server\x64\debug\boss.obj
c:\users\potri\onedrive\바탕 화면\project\imbo_server\x64\debug\componentobject.obj
c:\users\potri\onedrive\바탕 화면\project\imbo_server\x64\debug\server.pdb
c:\users\potri\onedrive\바탕 화면\project\imbo_server\x64\debug\server.tlog\cl.command.1.tlog
c:\users\potri\onedrive\바탕 화면\project\imbo_server\x64\debug\server.tlog\cl.read.1.tlog
c:\users\potri\onedrive\바탕 화면\project\imbo_server\x64\debug\server.tlog\cl.write.1.tlog
c:\users\potri\onedrive\바탕 화면\project\imbo_server\x64\debug\server.tlog\link-cvtres.read.1.tlog
c:\users\potri\onedrive\바탕 화면\project\imbo_server\x64\debug\server.tlog\link-cvtres.write.1.tlog
c:\users\potri\onedrive\바탕 화면\project\imbo_server\x64\debug\server.tlog\link-rc.read.1.tlog
c:\users\potri\onedrive\바탕 화면\project\imbo_server\x64\debug\server.tlog\link-rc.write.1.tlog
c:\users\potri\onedrive\바탕 화면\project\imbo_server\x64\debug\server.tlog\link.command.1.tlog
c:\users\potri\onedrive\바탕 화면\project\imbo_server\x64\debug\server.tlog\link.read.1.tlog
c:\users\potri\onedrive\바탕 화면\project\imbo_server\x64\debug\server.tlog\link.write.1.tlog
